  Base.cpp
  CV.cpp
C:\Users\localuser\Desktop\AutoOperateLib\AutoOperateLib\Base.cpp(410,63): warning C4244: “参数”: 从“WPARAM”转换到“const int”，可能丢失数据
C:\Users\localuser\Desktop\AutoOperateLib\AutoOperateLib\Base.cpp(410,107): warning C4244: “参数”: 从“WPARAM”转换到“int”，可能丢失数据
C:\Users\localuser\Desktop\AutoOperateLib\AutoOperateLib\Base.cpp(412,30): warning C4244: “参数”: 从“WPARAM”转换到“int”，可能丢失数据
C:\Users\localuser\Desktop\AutoOperateLib\AutoOperateLib\Base.cpp(1118,42): warning C4244: “参数”: 从“const DWORD”转换到“BYTE”，可能丢失数据
C:\Users\localuser\Desktop\AutoOperateLib\AutoOperateLib\Base.cpp(1121,40): warning C4244: “参数”: 从“const DWORD”转换到“BYTE”，可能丢失数据
C:\Users\localuser\Desktop\AutoOperateLib\AutoOperateLib\Base.cpp(2199,27): warning C4018: “>=”: 有符号/无符号不匹配
C:\Users\localuser\Desktop\AutoOperateLib\AutoOperateLib\CV.cpp(196,68): warning C4267: “参数”: 从“size_t”转换到“unsigned int”，可能丢失数据
C:\Users\localuser\Desktop\AutoOperateLib\AutoOperateLib\CV.cpp(201,92): warning C4267: “参数”: 从“size_t”转换到“int”，可能丢失数据
C:\Users\localuser\Desktop\AutoOperateLib\AutoOperateLib\CV.cpp(211,78): warning C4267: “参数”: 从“size_t”转换到“int”，可能丢失数据
C:\Users\localuser\Desktop\AutoOperateLib\AutoOperateLib\CV.cpp(213,68): warning C4267: “参数”: 从“size_t”转换到“int”，可能丢失数据
C:\Users\localuser\Desktop\AutoOperateLib\AutoOperateLib\CV.cpp(218,79): warning C4267: “参数”: 从“size_t”转换到“int”，可能丢失数据
C:\Users\localuser\Desktop\AutoOperateLib\AutoOperateLib\CV.cpp(220,69): warning C4267: “参数”: 从“size_t”转换到“int”，可能丢失数据
C:\Users\localuser\Desktop\AutoOperateLib\AutoOperateLib\CV.cpp(244,25): warning C4244: “初始化”: 从“std::streamsize”转换到“int”，可能丢失数据
C:\Users\localuser\Desktop\AutoOperateLib\AutoOperateLib\CV.cpp(286,58): warning C4267: “参数”: 从“size_t”转换到“int”，可能丢失数据
C:\Users\localuser\Desktop\AutoOperateLib\AutoOperateLib\CV.cpp(439,13): warning C4996: 'SHA256_Init': Since OpenSSL 3.0
C:\Users\localuser\Desktop\AutoOperateLib\AutoOperateLib\CV.cpp(440,13): warning C4996: 'SHA256_Update': Since OpenSSL 3.0
C:\Users\localuser\Desktop\AutoOperateLib\AutoOperateLib\CV.cpp(441,13): warning C4996: 'SHA256_Final': Since OpenSSL 3.0
C:\Users\localuser\Desktop\AutoOperateLib\AutoOperateLib\CV.cpp(471,48): warning C4267: “参数”: 从“size_t”转换到“int”，可能丢失数据
C:\Users\localuser\Desktop\AutoOperateLib\AutoOperateLib\CV.cpp(484,31): warning C4018: “<”: 有符号/无符号不匹配
C:\Users\localuser\Desktop\AutoOperateLib\AutoOperateLib\CV.cpp(468,17): warning C4996: 'HMAC_CTX_new': Since OpenSSL 3.0
C:\Users\localuser\Desktop\AutoOperateLib\AutoOperateLib\CV.cpp(471,13): warning C4996: 'HMAC_Init_ex': Since OpenSSL 3.0
C:\Users\localuser\Desktop\AutoOperateLib\AutoOperateLib\CV.cpp(472,13): warning C4996: 'HMAC_Update': Since OpenSSL 3.0
C:\Users\localuser\Desktop\AutoOperateLib\AutoOperateLib\CV.cpp(474,13): warning C4996: 'HMAC_Final': Since OpenSSL 3.0
C:\Users\localuser\Desktop\AutoOperateLib\AutoOperateLib\CV.cpp(479,13): warning C4996: 'HMAC_CTX_free': Since OpenSSL 3.0
C:\Users\localuser\Desktop\AutoOperateLib\AutoOperateLib\CV.cpp(549,86): warning C4244: “参数”: 从“double”转换到“int”，可能丢失数据
C:\Users\localuser\Desktop\AutoOperateLib\AutoOperateLib\CV.cpp(549,51): warning C4244: “参数”: 从“double”转换到“int”，可能丢失数据
C:\Users\localuser\Desktop\AutoOperateLib\AutoOperateLib\CV.cpp(550,86): warning C4244: “参数”: 从“double”转换到“int”，可能丢失数据
C:\Users\localuser\Desktop\AutoOperateLib\AutoOperateLib\CV.cpp(550,51): warning C4244: “参数”: 从“double”转换到“int”，可能丢失数据
C:\Users\localuser\Desktop\AutoOperateLib\AutoOperateLib\CV.cpp(551,86): warning C4244: “参数”: 从“double”转换到“int”，可能丢失数据
C:\Users\localuser\Desktop\AutoOperateLib\AutoOperateLib\CV.cpp(551,51): warning C4244: “参数”: 从“double”转换到“int”，可能丢失数据
C:\Users\localuser\Desktop\AutoOperateLib\AutoOperateLib\CV.cpp(552,86): warning C4244: “参数”: 从“double”转换到“int”，可能丢失数据
C:\Users\localuser\Desktop\AutoOperateLib\AutoOperateLib\CV.cpp(552,51): warning C4244: “参数”: 从“double”转换到“int”，可能丢失数据
C:\Users\localuser\Desktop\AutoOperateLib\AutoOperateLib\CV.cpp(565,50): warning C4244: “参数”: 从“const double”转换到“int”，可能丢失数据
C:\Users\localuser\Desktop\AutoOperateLib\AutoOperateLib\CV.cpp(565,44): warning C4244: “参数”: 从“const double”转换到“int”，可能丢失数据
C:\Users\localuser\Desktop\AutoOperateLib\AutoOperateLib\CV.cpp(566,38): warning C4244: “=”: 从“double”转换到“int”，可能丢失数据
C:\Users\localuser\Desktop\AutoOperateLib\AutoOperateLib\CV.cpp(567,39): warning C4244: “=”: 从“double”转换到“int”，可能丢失数据
  AutoOperateLib.vcxproj -> C:\Users\localuser\Desktop\AutoOperateLib\x64\Release\AutoOperateLib.lib
