c:\users\localuser\desktop\autooperatelib\sampleapps\qmouseclicker\x64\release\main.obj
c:\users\localuser\desktop\autooperatelib\sampleapps\qmouseclicker\x64\release\mainwindow.obj
c:\users\localuser\desktop\autooperatelib\sampleapps\qmouseclicker\x64\release\vc143.pdb
c:\users\localuser\desktop\autooperatelib\sampleapps\qmouseclicker\x64\release\moc_mainwindow.obj
c:\users\localuser\desktop\autooperatelib\sampleapps\qmouseclicker\bin\x64\release\鼠标连点器.exe
c:\users\localuser\desktop\autooperatelib\sampleapps\qmouseclicker\x64\release\moc\moc_mainwindow.cpp
c:\users\localuser\desktop\autooperatelib\sampleapps\qmouseclicker\x64\release\鼠标连点器.ipdb
c:\users\localuser\desktop\autooperatelib\sampleapps\qmouseclicker\x64\release\鼠标连点器.iobj
c:\users\localuser\desktop\autooperatelib\sampleapps\qmouseclicker\x64\release\qmouseclicker.ipdb
c:\users\localuser\desktop\autooperatelib\sampleapps\qmouseclicker\x64\release\qmouseclicker.iobj
c:\users\localuser\desktop\autooperatelib\sampleapps\qmouseclicker\x64\release\qmouseclicker.tlog\cl.command.1.tlog
c:\users\localuser\desktop\autooperatelib\sampleapps\qmouseclicker\x64\release\qmouseclicker.tlog\cl.items.tlog
c:\users\localuser\desktop\autooperatelib\sampleapps\qmouseclicker\x64\release\qmouseclicker.tlog\cl.read.1.tlog
c:\users\localuser\desktop\autooperatelib\sampleapps\qmouseclicker\x64\release\qmouseclicker.tlog\cl.write.1.tlog
c:\users\localuser\desktop\autooperatelib\sampleapps\qmouseclicker\x64\release\qmouseclicker.tlog\link.command.1.tlog
c:\users\localuser\desktop\autooperatelib\sampleapps\qmouseclicker\x64\release\qmouseclicker.tlog\link.read.1.tlog
c:\users\localuser\desktop\autooperatelib\sampleapps\qmouseclicker\x64\release\qmouseclicker.tlog\link.secondary.1.tlog
c:\users\localuser\desktop\autooperatelib\sampleapps\qmouseclicker\x64\release\qmouseclicker.tlog\link.write.1.tlog
c:\users\localuser\desktop\autooperatelib\sampleapps\qmouseclicker\x64\release\qmouseclicker.tlog\moc.read.1u.tlog
c:\users\localuser\desktop\autooperatelib\sampleapps\qmouseclicker\x64\release\qmouseclicker.tlog\moc.write.1u.tlog
c:\users\localuser\desktop\autooperatelib\sampleapps\qmouseclicker\x64\release\qmouseclicker.tlog\qmouseclicker.write.1u.tlog
