  CV.cpp
C:\Users\localuser\Desktop\AutoOperateLib\AutoOperateLib\CV.cpp(182,68): warning C4267: “参数”: 从“size_t”转换到“unsigned int”，可能丢失数据
C:\Users\localuser\Desktop\AutoOperateLib\AutoOperateLib\CV.cpp(187,92): warning C4267: “参数”: 从“size_t”转换到“int”，可能丢失数据
C:\Users\localuser\Desktop\AutoOperateLib\AutoOperateLib\CV.cpp(197,78): warning C4267: “参数”: 从“size_t”转换到“int”，可能丢失数据
C:\Users\localuser\Desktop\AutoOperateLib\AutoOperateLib\CV.cpp(199,68): warning C4267: “参数”: 从“size_t”转换到“int”，可能丢失数据
C:\Users\localuser\Desktop\AutoOperateLib\AutoOperateLib\CV.cpp(204,79): warning C4267: “参数”: 从“size_t”转换到“int”，可能丢失数据
C:\Users\localuser\Desktop\AutoOperateLib\AutoOperateLib\CV.cpp(206,69): warning C4267: “参数”: 从“size_t”转换到“int”，可能丢失数据
C:\Users\localuser\Desktop\AutoOperateLib\AutoOperateLib\CV.cpp(230,25): warning C4244: “初始化”: 从“std::streamsize”转换到“int”，可能丢失数据
C:\Users\localuser\Desktop\AutoOperateLib\AutoOperateLib\CV.cpp(272,58): warning C4267: “参数”: 从“size_t”转换到“int”，可能丢失数据
C:\Users\localuser\Desktop\AutoOperateLib\AutoOperateLib\CV.cpp(425,13): warning C4996: 'SHA256_Init': Since OpenSSL 3.0
C:\Users\localuser\Desktop\AutoOperateLib\AutoOperateLib\CV.cpp(426,13): warning C4996: 'SHA256_Update': Since OpenSSL 3.0
C:\Users\localuser\Desktop\AutoOperateLib\AutoOperateLib\CV.cpp(427,13): warning C4996: 'SHA256_Final': Since OpenSSL 3.0
C:\Users\localuser\Desktop\AutoOperateLib\AutoOperateLib\CV.cpp(457,48): warning C4267: “参数”: 从“size_t”转换到“int”，可能丢失数据
C:\Users\localuser\Desktop\AutoOperateLib\AutoOperateLib\CV.cpp(470,31): warning C4018: “<”: 有符号/无符号不匹配
C:\Users\localuser\Desktop\AutoOperateLib\AutoOperateLib\CV.cpp(454,17): warning C4996: 'HMAC_CTX_new': Since OpenSSL 3.0
C:\Users\localuser\Desktop\AutoOperateLib\AutoOperateLib\CV.cpp(457,13): warning C4996: 'HMAC_Init_ex': Since OpenSSL 3.0
C:\Users\localuser\Desktop\AutoOperateLib\AutoOperateLib\CV.cpp(458,13): warning C4996: 'HMAC_Update': Since OpenSSL 3.0
C:\Users\localuser\Desktop\AutoOperateLib\AutoOperateLib\CV.cpp(460,13): warning C4996: 'HMAC_Final': Since OpenSSL 3.0
C:\Users\localuser\Desktop\AutoOperateLib\AutoOperateLib\CV.cpp(465,13): warning C4996: 'HMAC_CTX_free': Since OpenSSL 3.0
C:\Users\localuser\Desktop\AutoOperateLib\AutoOperateLib\CV.cpp(535,86): warning C4244: “参数”: 从“double”转换到“int”，可能丢失数据
C:\Users\localuser\Desktop\AutoOperateLib\AutoOperateLib\CV.cpp(535,51): warning C4244: “参数”: 从“double”转换到“int”，可能丢失数据
C:\Users\localuser\Desktop\AutoOperateLib\AutoOperateLib\CV.cpp(536,86): warning C4244: “参数”: 从“double”转换到“int”，可能丢失数据
C:\Users\localuser\Desktop\AutoOperateLib\AutoOperateLib\CV.cpp(536,51): warning C4244: “参数”: 从“double”转换到“int”，可能丢失数据
C:\Users\localuser\Desktop\AutoOperateLib\AutoOperateLib\CV.cpp(537,86): warning C4244: “参数”: 从“double”转换到“int”，可能丢失数据
C:\Users\localuser\Desktop\AutoOperateLib\AutoOperateLib\CV.cpp(537,51): warning C4244: “参数”: 从“double”转换到“int”，可能丢失数据
C:\Users\localuser\Desktop\AutoOperateLib\AutoOperateLib\CV.cpp(538,86): warning C4244: “参数”: 从“double”转换到“int”，可能丢失数据
C:\Users\localuser\Desktop\AutoOperateLib\AutoOperateLib\CV.cpp(538,51): warning C4244: “参数”: 从“double”转换到“int”，可能丢失数据
C:\Users\localuser\Desktop\AutoOperateLib\AutoOperateLib\CV.cpp(551,50): warning C4244: “参数”: 从“const double”转换到“int”，可能丢失数据
C:\Users\localuser\Desktop\AutoOperateLib\AutoOperateLib\CV.cpp(551,44): warning C4244: “参数”: 从“const double”转换到“int”，可能丢失数据
C:\Users\localuser\Desktop\AutoOperateLib\AutoOperateLib\CV.cpp(552,38): warning C4244: “=”: 从“double”转换到“int”，可能丢失数据
C:\Users\localuser\Desktop\AutoOperateLib\AutoOperateLib\CV.cpp(553,39): warning C4244: “=”: 从“double”转换到“int”，可能丢失数据
  AutoOperateLib.vcxproj -> C:\Users\localuser\Desktop\AutoOperateLib\x64\Debug\AutoOperateLib.lib
